[debug] [2026-01-11T09:16:24.895Z] ----------------------------------------------------------------------
[debug] [2026-01-11T09:16:24.898Z] Command:       C:\Program Files\nodejs\node.exe C:\Users\theou\AppData\Roaming\npm\node_modules\firebase-tools\lib\bin\firebase.js deploy
[debug] [2026-01-11T09:16:24.898Z] CLI Version:   15.1.0
[debug] [2026-01-11T09:16:24.898Z] Platform:      win32
[debug] [2026-01-11T09:16:24.898Z] Node Version:  v25.2.1
[debug] [2026-01-11T09:16:24.898Z] Time:          Sun Jan 11 2026 14:46:24 GMT+0530 (India Standard Time)
[debug] [2026-01-11T09:16:24.898Z] ----------------------------------------------------------------------
[debug] 
[debug] [2026-01-11T09:16:27.215Z] > command requires scopes: ["email","openid","https://www.googleapis.com/auth/cloudplatformprojects.readonly","https://www.googleapis.com/auth/firebase","https://www.googleapis.com/auth/cloud-platform"]
[debug] [2026-01-11T09:16:27.216Z] > authorizing via signed-in user (theoudar07@gmail.com)
[debug] [2026-01-11T09:16:27.216Z] [iam] checking project stayontrack-edu for permissions ["firebase.projects.get","firebasehosting.sites.update"]
[debug] [2026-01-11T09:16:27.217Z] Checked if tokens are valid: true, expires at: 1768124589710
[debug] [2026-01-11T09:16:27.217Z] Checked if tokens are valid: true, expires at: 1768124589710
[debug] [2026-01-11T09:16:27.217Z] >>> [apiv2][query] POST https://cloudresourcemanager.googleapis.com/v1/projects/stayontrack-edu:testIamPermissions [none]
[debug] [2026-01-11T09:16:27.218Z] >>> [apiv2][(partial)header] POST https://cloudresourcemanager.googleapis.com/v1/projects/stayontrack-edu:testIamPermissions x-goog-quota-user=projects/stayontrack-edu
[debug] [2026-01-11T09:16:27.218Z] >>> [apiv2][body] POST https://cloudresourcemanager.googleapis.com/v1/projects/stayontrack-edu:testIamPermissions {"permissions":["firebase.projects.get","firebasehosting.sites.update"]}
[debug] [2026-01-11T09:16:28.782Z] <<< [apiv2][status] POST https://cloudresourcemanager.googleapis.com/v1/projects/stayontrack-edu:testIamPermissions 200
[debug] [2026-01-11T09:16:28.783Z] <<< [apiv2][body] POST https://cloudresourcemanager.googleapis.com/v1/projects/stayontrack-edu:testIamPermissions {"permissions":["firebase.projects.get","firebasehosting.sites.update"]}
[debug] [2026-01-11T09:16:28.784Z] Checked if tokens are valid: true, expires at: 1768124589710
[debug] [2026-01-11T09:16:28.785Z] Checked if tokens are valid: true, expires at: 1768124589710
[debug] [2026-01-11T09:16:28.785Z] >>> [apiv2][query] GET https://firebase.googleapis.com/v1beta1/projects/stayontrack-edu [none]
[debug] [2026-01-11T09:16:29.428Z] <<< [apiv2][status] GET https://firebase.googleapis.com/v1beta1/projects/stayontrack-edu 200
[debug] [2026-01-11T09:16:29.428Z] <<< [apiv2][body] GET https://firebase.googleapis.com/v1beta1/projects/stayontrack-edu {"projectId":"stayontrack-edu","projectNumber":"178788966376","displayName":"Stay On Track","name":"projects/stayontrack-edu","resources":{"hostingSite":"stayontrack-edu"},"state":"ACTIVE","etag":"1_2a2d50c6-6173-4e7a-9e9a-cd6d31d7ee4e"}
[info] 
[info] === Deploying to 'stayontrack-edu'...
[info] 
[info] i  deploying hosting 
[debug] [2026-01-11T09:16:29.432Z] Checked if tokens are valid: true, expires at: 1768124589710
[debug] [2026-01-11T09:16:29.432Z] Checked if tokens are valid: true, expires at: 1768124589710
[debug] [2026-01-11T09:16:29.432Z] >>> [apiv2][query] POST https://firebasehosting.googleapis.com/v1beta1/projects/-/sites/stayontrack-edu/versions [none]
[debug] [2026-01-11T09:16:29.432Z] >>> [apiv2][body] POST https://firebasehosting.googleapis.com/v1beta1/projects/-/sites/stayontrack-edu/versions {"status":"CREATED","labels":{"deployment-tool":"cli-firebase"}}
[debug] [2026-01-11T09:16:31.281Z] <<< [apiv2][status] POST https://firebasehosting.googleapis.com/v1beta1/projects/-/sites/stayontrack-edu/versions 200
[debug] [2026-01-11T09:16:31.282Z] <<< [apiv2][body] POST https://firebasehosting.googleapis.com/v1beta1/projects/-/sites/stayontrack-edu/versions {"name":"projects/178788966376/sites/stayontrack-edu/versions/33748c1bc14f6727","status":"CREATED","config":{},"labels":{"deployment-tool":"cli-firebase"}}
[info] i  hosting[stayontrack-edu]: beginning deploy... 
[info] i  hosting[stayontrack-edu]: found 8 files in client/dist 
[debug] [2026-01-11T09:16:31.296Z] [hosting] uploading with 200 concurrency
[debug] [2026-01-11T09:16:31.299Z] Checked if tokens are valid: true, expires at: 1768124589710
[debug] [2026-01-11T09:16:31.299Z] Checked if tokens are valid: true, expires at: 1768124589710
[debug] [2026-01-11T09:16:31.301Z] [hosting] hash cache [Y2xpZW50XGRpc3Q] stored for 8 files
[debug] [2026-01-11T09:16:31.301Z] [hosting][hash queue][FINAL] {"max":0,"min":0,"avg":0,"active":0,"complete":8,"success":8,"errored":0,"retried":0,"total":8,"elapsed":3}
[debug] [2026-01-11T09:16:31.301Z] >>> [apiv2][query] POST https://firebasehosting.googleapis.com/v1beta1/projects/178788966376/sites/stayontrack-edu/versions/33748c1bc14f6727:populateFiles [none]
[debug] [2026-01-11T09:16:31.301Z] >>> [apiv2][body] POST https://firebasehosting.googleapis.com/v1beta1/projects/178788966376/sites/stayontrack-edu/versions/33748c1bc14f6727:populateFiles {"files":{"/stay_on_track_logo.jpg":"5656f0e2b9607fd0ea7e640f1031af906b4a8b657096cb683c5610fa4caf74a8","/logo.jpg":"6abfa9cb4c736bd75cc50be5a3f1b83dfee907d58b474a064a0fba112d613da3","/index.html":"6c0ca4dc80460d5f794f143e67a7cba572e1dd7a8a1f23f2e831c8e703aaee20","/favicon_shield.jpg":"87622420d590467dd8ed7bb633d48ebb3e98b402b25390f30cc42b0ea9f5244e","/favicon_new.png":"a3036b92c1e4be5977423d7844d533bffa5da69eee8f83f200fed785ec127191","/favicon.png":"a3036b92c1e4be5977423d7844d533bffa5da69eee8f83f200fed785ec127191","/assets/index-fbe5109b.css":"3de9116cf9940b074b00df9d88bb97b20ed086511b5d4c0481aa452f282f56e5","/assets/index-b957c2ff.js":"fa1c119b0860e3a8439628d9fd82bab3f22cb06109a86391990ad42354534ac1"}}
[debug] [2026-01-11T09:16:31.669Z] <<< [apiv2][status] POST https://firebasehosting.googleapis.com/v1beta1/projects/178788966376/sites/stayontrack-edu/versions/33748c1bc14f6727:populateFiles 200
[debug] [2026-01-11T09:16:31.669Z] <<< [apiv2][body] POST https://firebasehosting.googleapis.com/v1beta1/projects/178788966376/sites/stayontrack-edu/versions/33748c1bc14f6727:populateFiles {"uploadUrl":"https://upload-firebasehosting.googleapis.com/upload/sites/stayontrack-edu/versions/33748c1bc14f6727/files"}
[debug] [2026-01-11T09:16:31.669Z] [hosting][populate queue][FINAL] {"max":371,"min":371,"avg":371,"active":0,"complete":1,"success":1,"errored":0,"retried":0,"total":1,"elapsed":371}
[debug] [2026-01-11T09:16:31.669Z] [hosting] uploads queued: 0
[debug] [2026-01-11T09:16:31.669Z] [hosting][upload queue][FINAL] {"max":0,"min":9999999999,"avg":0,"active":0,"complete":0,"success":0,"errored":0,"retried":0,"total":0,"elapsed":1768122991669}
[info] i  hosting: upload complete 
[info] +  hosting[stayontrack-edu]: file upload complete 
[debug] [2026-01-11T09:16:31.670Z] [hosting] deploy completed after 387ms
[debug] [2026-01-11T09:16:31.676Z] [
  {
    "config": {
      "public": "client/dist",
      "ignore": [
        "firebase.json",
        "**/.*",
        "**/node_modules/**"
      ],
      "rewrites": [
        {
          "source": "**",
          "destination": "/index.html"
        }
      ],
      "site": "stayontrack-edu"
    },
    "version": "projects/178788966376/sites/stayontrack-edu/versions/33748c1bc14f6727"
  }
]
[info] i  hosting[stayontrack-edu]: finalizing version... 
[debug] [2026-01-11T09:16:31.677Z] Checked if tokens are valid: true, expires at: 1768124589710
[debug] [2026-01-11T09:16:31.677Z] Checked if tokens are valid: true, expires at: 1768124589710
[debug] [2026-01-11T09:16:31.678Z] >>> [apiv2][query] PATCH https://firebasehosting.googleapis.com/v1beta1/projects/-/sites/stayontrack-edu/versions/33748c1bc14f6727 updateMask=status%2Cconfig
[debug] [2026-01-11T09:16:31.678Z] >>> [apiv2][body] PATCH https://firebasehosting.googleapis.com/v1beta1/projects/-/sites/stayontrack-edu/versions/33748c1bc14f6727 {"status":"FINALIZED","config":{"rewrites":[{"glob":"**","path":"/index.html"}]}}
[debug] [2026-01-11T09:16:32.108Z] <<< [apiv2][status] PATCH https://firebasehosting.googleapis.com/v1beta1/projects/-/sites/stayontrack-edu/versions/33748c1bc14f6727 200
[debug] [2026-01-11T09:16:32.108Z] <<< [apiv2][body] PATCH https://firebasehosting.googleapis.com/v1beta1/projects/-/sites/stayontrack-edu/versions/33748c1bc14f6727 {"name":"projects/178788966376/sites/stayontrack-edu/versions/33748c1bc14f6727","status":"FINALIZED","config":{"rewrites":[{"glob":"**","path":"/index.html"}]},"labels":{"deployment-tool":"cli-firebase"},"createTime":"2026-01-11T09:16:28.825602Z","createUser":{"email":"theoudar07@gmail.com"},"finalizeTime":"2026-01-11T09:16:29.836295Z","finalizeUser":{"email":"theoudar07@gmail.com"}}
[debug] [2026-01-11T09:16:32.109Z] [hosting] finalized version for stayontrack-edu:[object Object]
[info] +  hosting[stayontrack-edu]: version finalized 
[info] i  hosting[stayontrack-edu]: releasing new version... 
[debug] [2026-01-11T09:16:32.109Z] Checked if tokens are valid: true, expires at: 1768124589710
[debug] [2026-01-11T09:16:32.109Z] Checked if tokens are valid: true, expires at: 1768124589710
[debug] [2026-01-11T09:16:32.109Z] >>> [apiv2][query] POST https://firebasehosting.googleapis.com/v1beta1/projects/-/sites/stayontrack-edu/channels/live/releases versionName=projects%2F178788966376%2Fsites%2Fstayontrack-edu%2Fversions%2F33748c1bc14f6727
[debug] [2026-01-11T09:16:32.109Z] >>> [apiv2][body] POST https://firebasehosting.googleapis.com/v1beta1/projects/-/sites/stayontrack-edu/channels/live/releases {}
[debug] [2026-01-11T09:16:32.570Z] <<< [apiv2][status] POST https://firebasehosting.googleapis.com/v1beta1/projects/-/sites/stayontrack-edu/channels/live/releases 200
[debug] [2026-01-11T09:16:32.571Z] <<< [apiv2][body] POST https://firebasehosting.googleapis.com/v1beta1/projects/-/sites/stayontrack-edu/channels/live/releases {"name":"projects/178788966376/sites/stayontrack-edu/channels/live/releases/1768122989751000","version":{"name":"projects/178788966376/sites/stayontrack-edu/versions/33748c1bc14f6727","status":"FINALIZED","config":{"rewrites":[{"glob":"**","path":"/index.html"}]},"labels":{"deployment-tool":"cli-firebase"},"createTime":"2026-01-11T09:16:28.825602Z","createUser":{"email":"theoudar07@gmail.com","imageUrl":"https://lh3.googleusercontent.com/a/ACg8ocJe3lGNoxGmBBkPbIXhQbIhCb3w5-Sff3iaBWIpo3-L-BpWD7fI"},"finalizeTime":"2026-01-11T09:16:29.836295Z","finalizeUser":{"email":"theoudar07@gmail.com","imageUrl":"https://lh3.googleusercontent.com/a/ACg8ocJe3lGNoxGmBBkPbIXhQbIhCb3w5-Sff3iaBWIpo3-L-BpWD7fI"}},"type":"DEPLOY","releaseTime":"2026-01-11T09:16:29.751Z","releaseUser":{"email":"theoudar07@gmail.com","imageUrl":"https://lh3.googleusercontent.com/a/ACg8ocJe3lGNoxGmBBkPbIXhQbIhCb3w5-Sff3iaBWIpo3-L-BpWD7fI"}}
[debug] [2026-01-11T09:16:32.571Z] [hosting] release: {"name":"projects/178788966376/sites/stayontrack-edu/channels/live/releases/1768122989751000","version":{"name":"projects/178788966376/sites/stayontrack-edu/versions/33748c1bc14f6727","status":"FINALIZED","config":{"rewrites":[{"glob":"**","path":"/index.html"}]},"labels":{"deployment-tool":"cli-firebase"},"createTime":"2026-01-11T09:16:28.825602Z","createUser":{"email":"theoudar07@gmail.com","imageUrl":"https://lh3.googleusercontent.com/a/ACg8ocJe3lGNoxGmBBkPbIXhQbIhCb3w5-Sff3iaBWIpo3-L-BpWD7fI"},"finalizeTime":"2026-01-11T09:16:29.836295Z","finalizeUser":{"email":"theoudar07@gmail.com","imageUrl":"https://lh3.googleusercontent.com/a/ACg8ocJe3lGNoxGmBBkPbIXhQbIhCb3w5-Sff3iaBWIpo3-L-BpWD7fI"}},"type":"DEPLOY","releaseTime":"2026-01-11T09:16:29.751Z","releaseUser":{"email":"theoudar07@gmail.com","imageUrl":"https://lh3.googleusercontent.com/a/ACg8ocJe3lGNoxGmBBkPbIXhQbIhCb3w5-Sff3iaBWIpo3-L-BpWD7fI"}}
[info] +  hosting[stayontrack-edu]: release complete 
[info] 
[info] +  Deploy complete! 
[info] 
[info] Project Console: https://console.firebase.google.com/project/stayontrack-edu/overview
[info] Hosting URL: https://stayontrack-edu.web.app
